Process
=======
compile

Command Line
============
/usr/lib/jvm/graalvm/bin/native-image -Djdk.internal.lambda.eagerlyInitialize=false --no-server -H:+ExitAfterRelocatableImageWrite -H:+SharedLibrary -H:+AddAllCharsets -H:+ReportExceptionStackTraces -H:-DeadlockWatchdogExitOnTimeout -H:DeadlockWatchdogInterval=0 -H:+RemoveSaturatedTypeFlows --features=org.graalvm.home.HomeFinderFeature -H:TempDirectory=/home/maxivanenqo/Documents/projects/thesisClient/target/client/x86_64-linux/gvm/tmp -H:EnableURLProtocols=http,https -H:ReflectionConfigurationFiles=/home/maxivanenqo/Documents/projects/thesisClient/target/client/x86_64-linux/gvm/reflectionconfig-x86_64-linux.json -H:JNIConfigurationFiles=/home/maxivanenqo/Documents/projects/thesisClient/target/client/x86_64-linux/gvm/jniconfig-x86_64-linux.json -H:ResourceConfigurationFiles=/home/maxivanenqo/Documents/projects/thesisClient/target/client/x86_64-linux/gvm/resourceconfig-x86_64-linux.json -H:IncludeResourceBundles=com/sun/javafx/scene/control/skin/resources/controls,com/sun/javafx/scene/control/skin/resources/controls-nt,com.sun.javafx.tk.quantum.QuantumMessagesBundle -Dsvm.platform=org.graalvm.nativeimage.Platform$LINUX_AMD64 -cp /tmp/classpathJar10981557167621675654.jar client.App

Output
======
[client.app:3303]    classlist:  15,482.98 ms,  0.93 GB
[client.app:3303]        (cap):   1,815.62 ms,  0.93 GB
[client.app:3303]        setup:   7,205.22 ms,  0.93 GB
[client.app:3303]     (clinit):   1,117.95 ms,  3.09 GB
[client.app:3303]   (typeflow):  39,979.56 ms,  3.09 GB
[client.app:3303]    (objects):  55,919.22 ms,  3.09 GB
[client.app:3303]   (features):   5,318.86 ms,  3.09 GB
[client.app:3303]     analysis: 105,383.14 ms,  3.09 GB
[client.app:3303]     universe:   3,088.82 ms,  3.08 GB
[client.app:3303]      (parse):  18,956.74 ms,  3.63 GB
[client.app:3303]     (inline):  13,733.15 ms,  4.41 GB
[client.app:3303]    (compile):  78,832.02 ms,  4.57 GB
[client.app:3303]      compile: 114,832.12 ms,  4.55 GB
[client.app:3303]        image:   8,159.32 ms,  4.44 GB
[client.app:3303]        write:     488.78 ms,  4.44 GB
[client.app:3303]      [total]: 255,571.07 ms,  4.44 GB


Result
======
result: 0