Process
=======
compile

Command Line
============
/usr/lib/jvm/graalvm/bin/native-image -Djdk.internal.lambda.eagerlyInitialize=false --no-server -H:+ExitAfterRelocatableImageWrite -H:+SharedLibrary -H:+AddAllCharsets -H:+ReportExceptionStackTraces -H:-DeadlockWatchdogExitOnTimeout -H:DeadlockWatchdogInterval=0 -H:+RemoveSaturatedTypeFlows --features=org.graalvm.home.HomeFinderFeature -H:TempDirectory=/home/maxivanenqo/Documents/projects/thesisClient/target/client/x86_64-linux/gvm/tmp -H:EnableURLProtocols=http,https -H:ReflectionConfigurationFiles=/home/maxivanenqo/Documents/projects/thesisClient/target/client/x86_64-linux/gvm/reflectionconfig-x86_64-linux.json -H:JNIConfigurationFiles=/home/maxivanenqo/Documents/projects/thesisClient/target/client/x86_64-linux/gvm/jniconfig-x86_64-linux.json -H:ResourceConfigurationFiles=/home/maxivanenqo/Documents/projects/thesisClient/target/client/x86_64-linux/gvm/resourceconfig-x86_64-linux.json -H:IncludeResourceBundles=com/sun/javafx/scene/control/skin/resources/controls,com/sun/javafx/scene/control/skin/resources/controls-nt,com.sun.javafx.tk.quantum.QuantumMessagesBundle -Dsvm.platform=org.graalvm.nativeimage.Platform$LINUX_AMD64 -cp /tmp/classpathJar914836179416400847.jar client.App

Output
======
[client.app:41037]    classlist:  15,308.98 ms,  0.94 GB
[client.app:41037]        (cap):   1,850.16 ms,  0.94 GB
[client.app:41037]        setup:   4,053.68 ms,  0.94 GB
Error: Error parsing reflection configuration in /home/maxivanenqo/Documents/projects/thesisClient/target/client/x86_64-linux/gvm/reflectionconfig-x86_64-linux.json:
Could not resolve controllers.included.PreferencesController for reflection configuration. To allow unresolvable reflection configuration, use option -H:+AllowIncompleteClasspath
Verify that the configuration matches the schema described in the -H:PrintFlags=+ output for option ReflectionConfigurationFiles.
com.oracle.svm.core.util.UserError$UserException: Error parsing reflection configuration in /home/maxivanenqo/Documents/projects/thesisClient/target/client/x86_64-linux/gvm/reflectionconfig-x86_64-linux.json:
Could not resolve controllers.included.PreferencesController for reflection configuration. To allow unresolvable reflection configuration, use option -H:+AllowIncompleteClasspath
Verify that the configuration matches the schema described in the -H:PrintFlags=+ output for option ReflectionConfigurationFiles.
	at com.oracle.svm.core.util.UserError.abort(UserError.java:68)
	at com.oracle.svm.hosted.config.ConfigurationParserUtils.doParseAndRegister(ConfigurationParserUtils.java:138)
	at com.oracle.svm.hosted.config.ConfigurationParserUtils.lambda$parseAndRegisterConfigurations$1(ConfigurationParserUtils.java:85)
	at java.base/java.util.stream.ReferencePipeline$4$1.accept(ReferencePipeline.java:212)
	at java.base/java.util.stream.ReferencePipeline$3$1.accept(ReferencePipeline.java:195)
	at java.base/java.util.stream.ReferencePipeline$3$1.accept(ReferencePipeline.java:195)
	at java.base/java.util.ArrayList$ArrayListSpliterator.forEachRemaining(ArrayList.java:1655)
	at java.base/java.util.stream.AbstractPipeline.copyInto(AbstractPipeline.java:484)
	at java.base/java.util.stream.AbstractPipeline.wrapAndCopyInto(AbstractPipeline.java:474)
	at java.base/java.util.stream.StreamSpliterators$WrappingSpliterator.forEachRemaining(StreamSpliterators.java:312)
	at java.base/java.util.stream.Streams$ConcatSpliterator.forEachRemaining(Streams.java:734)
	at java.base/java.util.stream.AbstractPipeline.copyInto(AbstractPipeline.java:484)
	at java.base/java.util.stream.AbstractPipeline.wrapAndCopyInto(AbstractPipeline.java:474)
	at java.base/java.util.stream.ReduceOps$ReduceOp.evaluateSequential(ReduceOps.java:913)
	at java.base/java.util.stream.AbstractPipeline.evaluate(AbstractPipeline.java:234)
	at java.base/java.util.stream.IntPipeline.reduce(IntPipeline.java:491)
	at java.base/java.util.stream.IntPipeline.sum(IntPipeline.java:449)
	at com.oracle.svm.hosted.config.ConfigurationParserUtils.parseAndRegisterConfigurations(ConfigurationParserUtils.java:90)
	at com.oracle.svm.reflect.hosted.ReflectionFeature.duringSetup(ReflectionFeature.java:69)
	at com.oracle.svm.hosted.NativeImageGenerator.lambda$setupNativeImage$12(NativeImageGenerator.java:882)
	at com.oracle.svm.hosted.FeatureHandler.forEachFeature(FeatureHandler.java:70)
	at com.oracle.svm.hosted.NativeImageGenerator.setupNativeImage(NativeImageGenerator.java:882)
	at com.oracle.svm.hosted.NativeImageGenerator.doRun(NativeImageGenerator.java:556)
	at com.oracle.svm.hosted.NativeImageGenerator.lambda$run$0(NativeImageGenerator.java:471)
	at java.base/java.util.concurrent.ForkJoinTask$AdaptedRunnableAction.exec(ForkJoinTask.java:1407)
	at java.base/java.util.concurrent.ForkJoinTask.doExec(ForkJoinTask.java:290)
	at java.base/java.util.concurrent.ForkJoinPool$WorkQueue.topLevelExec(ForkJoinPool.java:1020)
	at java.base/java.util.concurrent.ForkJoinPool.scan(ForkJoinPool.java:1656)
	at java.base/java.util.concurrent.ForkJoinPool.runWorker(ForkJoinPool.java:1594)
	at java.base/java.util.concurrent.ForkJoinWorkerThread.run(ForkJoinWorkerThread.java:183)
Error: Image build request failed with exit status 1


Result
======
result: 1